0 info it worked if it ends with ok
1 verbose cli [ 'node', '/usr/local/bin/npm', 'publish' ]
2 info using npm@1.4.28
3 info using node@v0.10.32
4 verbose publish [ '.' ]
5 verbose cache add [ '.', null ]
6 verbose cache add name=undefined spec="." args=[".",null]
7 verbose parsed url { protocol: null,
7 verbose parsed url   slashes: null,
7 verbose parsed url   auth: null,
7 verbose parsed url   host: null,
7 verbose parsed url   port: null,
7 verbose parsed url   hostname: null,
7 verbose parsed url   hash: null,
7 verbose parsed url   search: null,
7 verbose parsed url   query: null,
7 verbose parsed url   pathname: '.',
7 verbose parsed url   path: '.',
7 verbose parsed url   href: '.' }
8 silly lockFile 3a52ce78- .
9 verbose lock . /Users/jpcote/.npm/3a52ce78-.lock
10 verbose tar pack [ '/Users/jpcote/.npm/web-midi/1.0.0-alpha.2/package.tgz', '.' ]
11 verbose tarball /Users/jpcote/.npm/web-midi/1.0.0-alpha.2/package.tgz
12 verbose folder .
13 info prepublish web-midi@1.0.0-alpha.2
14 silly lockFile 1f1177db-tar tar://.
15 verbose lock tar://. /Users/jpcote/.npm/1f1177db-tar.lock
16 silly lockFile 9e020383-b-midi-1-0-0-alpha-2-package-tgz tar:///Users/jpcote/.npm/web-midi/1.0.0-alpha.2/package.tgz
17 verbose lock tar:///Users/jpcote/.npm/web-midi/1.0.0-alpha.2/package.tgz /Users/jpcote/.npm/9e020383-b-midi-1-0-0-alpha-2-package-tgz.lock
18 silly lockFile 1f1177db-tar tar://.
19 silly lockFile 1f1177db-tar tar://.
20 silly lockFile 9e020383-b-midi-1-0-0-alpha-2-package-tgz tar:///Users/jpcote/.npm/web-midi/1.0.0-alpha.2/package.tgz
21 silly lockFile 9e020383-b-midi-1-0-0-alpha-2-package-tgz tar:///Users/jpcote/.npm/web-midi/1.0.0-alpha.2/package.tgz
22 silly lockFile 2d981ecd-m-web-midi-1-0-0-alpha-2-package /Users/jpcote/.npm/web-midi/1.0.0-alpha.2/package
23 verbose lock /Users/jpcote/.npm/web-midi/1.0.0-alpha.2/package /Users/jpcote/.npm/2d981ecd-m-web-midi-1-0-0-alpha-2-package.lock
24 silly lockFile 2d981ecd-m-web-midi-1-0-0-alpha-2-package /Users/jpcote/.npm/web-midi/1.0.0-alpha.2/package
25 silly lockFile 2d981ecd-m-web-midi-1-0-0-alpha-2-package /Users/jpcote/.npm/web-midi/1.0.0-alpha.2/package
26 silly lockFile 3a52ce78- .
27 silly lockFile 3a52ce78- .
28 silly publish { name: 'web-midi',
28 silly publish   version: '1.0.0-alpha.2',
28 silly publish   description: 'A library to simplify working with the Web MIDI API.',
28 silly publish   author: { name: 'Jean-Philippe Côté', email: 'jp@cote.cc' },
28 silly publish   main: './web-midi.min.js',
28 silly publish   repository: { type: 'git', url: 'git://github.com/cotejp/WebMidi.git' },
28 silly publish   bugs: { url: 'https://github.com/cotejp/WebMidi/issues' },
28 silly publish   keywords: [ 'midi', 'message', 'web' ],
28 silly publish   homepage: 'https://github.com/cotejp/WebMidi',
28 silly publish   engines: { node: '>0.6.x' },
28 silly publish   devDependencies:
28 silly publish    { grunt: '^0.4.5',
28 silly publish      'grunt-bumpup': '^0.6.2',
28 silly publish      'grunt-contrib-clean': '^0.6.0',
28 silly publish      'grunt-contrib-compress': '^0.13.0',
28 silly publish      'grunt-contrib-copy': '^0.8.1',
28 silly publish      'grunt-contrib-uglify': '^0.9.2',
28 silly publish      'grunt-contrib-yuidoc': '^0.10.0',
28 silly publish      'grunt-release': '^0.13.0',
28 silly publish      'grunt-replace': '^0.11.0' },
28 silly publish   readme: 'ERROR: No README data found!',
28 silly publish   _id: 'web-midi@1.0.0-alpha.2',
28 silly publish   scripts: {},
28 silly publish   _shasum: 'fe6bf459057452617d8340a100eec610fe46c7b8',
28 silly publish   _from: '.' }
29 verbose request where is /web-midi
30 verbose request registry https://registry.npmjs.org/
31 verbose request id 3934f2f023091090
32 verbose url raw /web-midi
33 verbose url resolving [ 'https://registry.npmjs.org/', './web-midi' ]
34 verbose url resolved https://registry.npmjs.org/web-midi
35 verbose request where is https://registry.npmjs.org/web-midi
36 info trying registry request attempt 1 at 16:11:24
37 http PUT https://registry.npmjs.org/web-midi
38 http 403 https://registry.npmjs.org/web-midi
39 verbose headers { 'content-type': 'application/json',
39 verbose headers   'cache-control': 'max-age=60',
39 verbose headers   'content-length': '100',
39 verbose headers   'accept-ranges': 'bytes',
39 verbose headers   date: 'Wed, 14 Oct 2015 20:11:25 GMT',
39 verbose headers   via: '1.1 varnish',
39 verbose headers   connection: 'keep-alive',
39 verbose headers   'x-served-by': 'cache-iad2132-IAD',
39 verbose headers   'x-cache': 'MISS',
39 verbose headers   'x-cache-hits': '0',
39 verbose headers   'x-timer': 'S1444853485.101482,VS0,VE703' }
40 error publish Failed PUT 403
41 error Error: You do not have permission to publish 'web-midi'. Are you logged in as the correct user? : web-midi
41 error     at RegClient.<anonymous> (/usr/local/lib/node_modules/npm/node_modules/npm-registry-client/lib/request.js:308:14)
41 error     at Request._callback (/usr/local/lib/node_modules/npm/node_modules/npm-registry-client/lib/request.js:246:65)
41 error     at Request.self.callback (/usr/local/lib/node_modules/npm/node_modules/request/request.js:236:22)
41 error     at Request.emit (events.js:98:17)
41 error     at Request.<anonymous> (/usr/local/lib/node_modules/npm/node_modules/request/request.js:1142:14)
41 error     at Request.emit (events.js:117:20)
41 error     at IncomingMessage.<anonymous> (/usr/local/lib/node_modules/npm/node_modules/request/request.js:1096:12)
41 error     at IncomingMessage.emit (events.js:117:20)
41 error     at _stream_readable.js:943:16
41 error     at process._tickCallback (node.js:419:13)
42 error If you need help, you may report this *entire* log,
42 error including the npm and node versions, at:
42 error     <http://github.com/npm/npm/issues>
43 error System Darwin 14.5.0
44 error command "node" "/usr/local/bin/npm" "publish"
45 error cwd /Users/jpcote/Documents/DATA/WorkspaceWebStorm/WebMidi/build
46 error node -v v0.10.32
47 error npm -v 1.4.28
48 verbose exit [ 1, true ]
